\BOOKMARK [0][-]{chapter.1}{Introduction}{}% 1
\BOOKMARK [1][-]{section.1.1}{Introduction}{chapter.1}% 2
\BOOKMARK [1][-]{section.1.2}{Background}{chapter.1}% 3
\BOOKMARK [1][-]{section.1.3}{Motivation}{chapter.1}% 4
\BOOKMARK [0][-]{chapter.2}{Requirements}{}% 5
\BOOKMARK [1][-]{section.2.1}{Requirements}{chapter.2}% 6
\BOOKMARK [2][-]{subsection.2.1.1}{Requirements Gathering}{section.2.1}% 7
\BOOKMARK [2][-]{subsection.2.1.2}{System Requirements}{section.2.1}% 8
\BOOKMARK [0][-]{chapter.3}{Design}{}% 9
\BOOKMARK [1][-]{section.3.1}{Design Overview}{chapter.3}% 10
\BOOKMARK [2][-]{subsection.3.1.1}{Scale Units}{section.3.1}% 11
\BOOKMARK [2][-]{subsection.3.1.2}{Central Unit}{section.3.1}% 12
\BOOKMARK [1][-]{section.3.2}{Hardware Design}{chapter.3}% 13
\BOOKMARK [0][-]{chapter.4}{Implementation}{}% 14
\BOOKMARK [1][-]{section.4.1}{User Interface}{chapter.4}% 15
\BOOKMARK [2][-]{subsection.4.1.1}{Foo}{section.4.1}% 16
\BOOKMARK [1][-]{section.4.2}{Database Model}{chapter.4}% 17
\BOOKMARK [0][-]{chapter.5}{Evaluation}{}% 18
\BOOKMARK [0][-]{chapter.6}{Conclusion}{}% 19
\BOOKMARK [1][-]{section.6.1}{Contributions}{chapter.6}% 20
