Potential duplicate
===================
Johnson, Sir Jonathan
7 Penny Lane
OPN HU8 Edinburgh
==========
Johnson, Dr. Joseph
7 Abbey Road
OPN HU8 Edinburgh

Potential duplicate
===================
Williamson, Sir Matthew
94 Sunset Blvd
OBS 070 Edinburgh
==========
Williamson, Dr. Tim
94 Broadway
OBS 070 Edinburgh

Potential duplicate
===================
Norman, Dr. Joseph
79 Broadway
FP5 E0J Inverness
==========
Norman, Sir Jonathan
79 Broadway
FP5 E0J Inverness

Potential duplicate
===================
Cutts, Prof. Tim
40 Penny Lane
ACL SE8 London
==========
Cutts, Prof. Matthew
40 Abbey Road
ACL SE8 London

Potential duplicate
===================
ODonnel, Prof. Joe
22 Penny Lane
LLG AUB Stirling
==========
ODonnel, Mr. Matthew
22 Abbey Road
LLG AUB Stirling

Potential duplicate
===================
Norman, Sir Simon
29 Sunset Blvd
J4M Q7L Glasgow
==========
Norman, Mr. Chris
29 Sunset Blvd
J4M Q7L Glasgow

Potential duplicate
===================
Balkind, Mr. Joe
1 Sunset Blvd
OJT C8I Edinburgh
==========
Balkind, Prof. Simon
1 Sunset Blvd
OJT C8I Edinburgh

Potential duplicate
===================
Cutts, Prof. Simon
60 Sunset Blvd
ICT DU3 Glasgow
==========
Cutts, Mr. Gethin
60 Broadway
ICT DU3 Glasgow

Potential duplicate
===================
Cutts, Mr. Joseph
27 Broadway
EDD QVU Stirling
==========
Cutts, Dr. Jonathan
27 Penny Lane
EDD QVU Stirling

Potential duplicate
===================
Norman, Mr. Joseph
90 Sunset Blvd
UFA R4K Inverness
==========
Norman, Dr. Simon
90 Sunset Blvd
UFA R4K Inverness

Potential duplicate
===================
Gay, Mr. Tim
38 Abbey Road
FP5 E0J London
==========
Gay, Prof. Joe
38 Abbey Road
FP5 E0J London

Potential duplicate
===================
Cutts, Prof. Quintin
68 Broadway
TM0 JJG London
==========
Cutts, Prof. Chris
68 Abbey Road
TM0 JJG London

Potential duplicate
===================
Gay, Dr. Tim
87 Penny Lane
UNV NSE London
==========
Gay, Prof. Tim
87 Abbey Road
UNV NSE London

Potential duplicate
===================
Sventek, Prof. Joseph
86 Broadway
SK3 1C2 Stirling
==========
Sventek, Mr. John
86 Broadway
SK3 1C2 Stirling

Potential duplicate
===================
Williamson, Dr. Joseph
52 Penny Lane
V7G 7GL Edinburgh
==========
Williamson, Sir Chris
52 Penny Lane
V7G 7GL Edinburgh

Potential duplicate
===================
ODonnel, Mr. Simon
79 Broadway
ACL SE8 Edinburgh
==========
ODonnel, Dr. Quintin
79 Broadway
ACL SE8 Edinburgh

Potential duplicate
===================
Gay, Mr. Gethin
22 Broadway
ACL SE8 Stirling
==========
Gay, Mr. Quintin
22 Sunset Blvd
ACL SE8 Stirling

Potential duplicate
===================
ODonnel, Prof. John
53 Broadway
BNH 848 Inverness
==========
ODonnel, Prof. Chris
53 Broadway
BNH 848 Inverness

Potential duplicate
===================
Johnson, Dr. Matthew
29 Broadway
UVC T3Q Glasgow
==========
Johnson, Mr. Tim
29 Broadway
UVC T3Q Glasgow

Potential duplicate
===================
ODonnel, Prof. Joseph
9 Penny Lane
TS6 AKI Inverness
==========
ODonnel, Mr. Jonathan
9 Sunset Blvd
TS6 AKI Inverness

Potential duplicate
===================
Cutts, Prof. Joe
7 Abbey Road
J1V 6JL Stirling
==========
Cutts, Prof. Quintin
7 Sunset Blvd
J1V 6JL Stirling

Potential duplicate
===================
Cutts, Prof. Quintin
86 Sunset Blvd
NNK HBH Edinburgh
==========
Cutts, Prof. Tim
86 Abbey Road
NNK HBH Edinburgh

Potential duplicate
===================
Cutts, Prof. Matthew
41 Penny Lane
AMN R8P Inverness
==========
Cutts, Mr. Tim
41 Broadway
AMN R8P Inverness

Potential duplicate
===================
Johnson, Prof. Jonathan
57 Sunset Blvd
H03 9D5 Glasgow
==========
Johnson, Dr. Matthew
57 Sunset Blvd
H03 9D5 Glasgow

Potential duplicate
===================
Chalmers, Dr. Jonathan
47 Penny Lane
C1O VR4 Glasgow
==========
Chalmers, Prof. John
47 Sunset Blvd
C1O VR4 Glasgow

Potential duplicate
===================
Chalmers, Mr. Quintin
11 Penny Lane
UNV NSE Glasgow
==========
Chalmers, Sir Joseph
11 Penny Lane
UNV NSE Glasgow

Potential duplicate
===================
Williamson, Prof. Chris
4 Abbey Road
QFV 2FM Glasgow
==========
Williamson, Mr. Matthew
4 Sunset Blvd
QFV 2FM Glasgow

Potential duplicate
===================
Storer, Mr. Jonathan
65 Broadway
Q6S JQN London
==========
Storer, Prof. Simon
65 Sunset Blvd
Q6S JQN London

Potential duplicate
===================
Cutts, Prof. Simon
43 Broadway
UFA R4K London
==========
Cutts, Prof. Matthew
43 Broadway
UFA R4K London

Potential duplicate
===================
Chalmers, Mr. Joseph
79 Sunset Blvd
TM0 JJG London
==========
Chalmers, Dr. John
79 Abbey Road
TM0 JJG London

Potential duplicate
===================
Norman, Mr. Gethin
2 Broadway
HOV FFH Edinburgh
==========
Norman, Prof. Matthew
2 Abbey Road
HOV FFH Edinburgh

Potential duplicate
===================
Storer, Sir John
53 Broadway
A6J TAV Edinburgh
==========
Storer, Prof. Tim
53 Broadway
A6J TAV Edinburgh

Potential duplicate
===================
Norman, Mr. Tim
45 Abbey Road
IPA F4F Edinburgh
==========
Norman, Prof. Simon
45 Sunset Blvd
IPA F4F Edinburgh

Potential duplicate
===================
Chalmers, Mr. Joseph
27 Broadway
ACL SE8 Glasgow
==========
Chalmers, Sir Simon
27 Sunset Blvd
ACL SE8 Glasgow

Potential duplicate
===================
Williamson, Sir Matthew
14 Abbey Road
TS6 AKI Edinburgh
==========
Williamson, Dr. Joseph
14 Broadway
TS6 AKI Edinburgh

Potential duplicate
===================
Sventek, Prof. Simon
53 Sunset Blvd
K8S 2CL London
==========
Sventek, Prof. Joseph
53 Penny Lane
K8S 2CL London

Potential duplicate
===================
Balkind, Dr. Matthew
19 Abbey Road
AH5 6GC Stirling
==========
Balkind, Sir Joe
19 Abbey Road
AH5 6GC Stirling

Potential duplicate
===================
Williamson, Prof. Joe
53 Broadway
LLG AUB Glasgow
==========
Williamson, Prof. Tim
53 Sunset Blvd
LLG AUB Glasgow

Potential duplicate
===================
Gay, Sir Matthew
93 Penny Lane
R2L MAJ Glasgow
==========
Gay, Prof. Joe
93 Broadway
R2L MAJ Glasgow

Potential duplicate
===================
Williamson, Mr. Tim
41 Broadway
R2L MAJ Glasgow
==========
Williamson, Prof. Jonathan
41 Broadway
R2L MAJ Glasgow

Potential duplicate
===================
Balkind, Sir Joseph
35 Penny Lane
AGT E3U Inverness
==========
Balkind, Sir Tim
35 Broadway
AGT E3U Inverness

Potential duplicate
===================
Chalmers, Sir Chris
80 Sunset Blvd
JA2 HHD Edinburgh
==========
Chalmers, Mr. Joseph
80 Abbey Road
JA2 HHD Edinburgh

Potential duplicate
===================
Williamson, Mr. Joe
Penny Lane
ACL SE8 London
==========
Williamson, Prof. Chris
Abbey Road
ACL SE8 London

Potential duplicate
===================
Johnson, Prof. Matthew
6 Sunset Blvd
AT0 IQU Stirling
==========
Johnson, Mr. Jonathan
6 Abbey Road
AT0 IQU Stirling

Potential duplicate
===================
Sventek, Dr. Joseph
61 Broadway
ICT DU3 Stirling
==========
Sventek, Dr. Gethin
61 Penny Lane
ICT DU3 Stirling

Potential duplicate
===================
Gay, Dr. Joe
22 Penny Lane
TM0 JJG Inverness
==========
Gay, Mr. Simon
22 Abbey Road
TM0 JJG Inverness

Potential duplicate
===================
Cutts, Dr. Tim
83 Broadway
HOV FFH Stirling
==========
Cutts, Mr. Quintin
83 Penny Lane
HOV FFH Stirling

Potential duplicate
===================
Johnson, Dr. Joe
3 Sunset Blvd
I16 Q5E Stirling
==========
Johnson, Mr. Jonathan
3 Abbey Road
I16 Q5E Stirling

Potential duplicate
===================
Cutts, Dr. Matthew
16 Penny Lane
G5Q 00E London
==========
Cutts, Sir Matthew
16 Sunset Blvd
G5Q 00E London

Potential duplicate
===================
Sventek, Prof. Quintin
47 Sunset Blvd
MEG 5GI Inverness
==========
Sventek, Sir Simon
47 Broadway
MEG 5GI Inverness

Potential duplicate
===================
Balkind, Dr. Chris
59 Abbey Road
AGT E3U Inverness
==========
Balkind, Dr. Chris
59 Sunset Blvd
AGT E3U Inverness

Potential duplicate
===================
Williamson, Sir Jonathan
71 Abbey Road
QFV 2FM Stirling
==========
Williamson, Sir Gethin
71 Penny Lane
QFV 2FM Stirling

Potential duplicate
===================
Johnson, Mr. Jonathan
56 Broadway
OJT C8I Glasgow
==========
Johnson, Dr. Tim
56 Penny Lane
OJT C8I Glasgow

Potential duplicate
===================
Balkind, Mr. Simon
15 Broadway
VO7 3B2 Edinburgh
==========
Balkind, Dr. Joe
15 Penny Lane
VO7 3B2 Edinburgh

Potential duplicate
===================
ODonnel, Prof. Jonathan
68 Abbey Road
FRJ RTG Stirling
==========
ODonnel, Mr. Jonathan
68 Abbey Road
FRJ RTG Stirling

Potential duplicate
===================
Johnson, Prof. Joseph
88 Penny Lane
K05 38B Inverness
==========
Johnson, Dr. Quintin
88 Abbey Road
K05 38B Inverness

Potential duplicate
===================
Johnson, Prof. Jonathan
58 Penny Lane
ACL SE8 Edinburgh
==========
Johnson, Prof. Gethin
58 Penny Lane
ACL SE8 Edinburgh

Potential duplicate
===================
Storer, Mr. Joe
17 Broadway
R2L MAJ Glasgow
==========
Storer, Dr. Quintin
17 Broadway
R2L MAJ Glasgow

Potential duplicate
===================
Storer, Mr. Chris
Broadway
CVT VJS Glasgow
==========
Storer, Sir Tim
Sunset Blvd
CVT VJS Glasgow

Potential duplicate
===================
Cutts, Sir Simon
75 Penny Lane
TS6 AKI Edinburgh
==========
Cutts, Mr. John
75 Penny Lane
TS6 AKI Edinburgh

Potential duplicate
===================
Cutts, Sir Jonathan
15 Sunset Blvd
C1O VR4 Inverness
==========
Cutts, Mr. Quintin
15 Penny Lane
C1O VR4 Inverness

Potential duplicate
===================
Cutts, Mr. Chris
68 Broadway
NKR I5G Glasgow
==========
Cutts, Sir Jonathan
68 Broadway
NKR I5G Glasgow

Potential duplicate
===================
Johnson, Mr. Gethin
64 Sunset Blvd
R2L MAJ London
==========
Johnson, Dr. Quintin
64 Penny Lane
R2L MAJ London

Potential duplicate
===================
Gay, Mr. Matthew
30 Penny Lane
KL4 NQE Edinburgh
==========
Gay, Dr. Chris
30 Sunset Blvd
KL4 NQE Edinburgh

Potential duplicate
===================
ODonnel, Dr. Gethin
9 Sunset Blvd
A9V 5AR Glasgow
==========
ODonnel, Prof. Simon
9 Penny Lane
A9V 5AR Glasgow

Potential duplicate
===================
Norman, Dr. Joseph
76 Broadway
GNV 8E4 London
==========
Norman, Sir Tim
76 Penny Lane
GNV 8E4 London

Potential duplicate
===================
Storer, Prof. Quintin
17 Sunset Blvd
EO3 TS4 Edinburgh
==========
Storer, Dr. Gethin
17 Sunset Blvd
EO3 TS4 Edinburgh

Potential duplicate
===================
Williamson, Sir John
24 Sunset Blvd
J1M BNR Stirling
==========
Williamson, Sir Gethin
24 Abbey Road
J1M BNR Stirling

Potential duplicate
===================
Balkind, Sir Tim
29 Abbey Road
PQ2 49V Edinburgh
==========
Balkind, Sir Quintin
29 Broadway
PQ2 49V Edinburgh

Potential duplicate
===================
ODonnel, Prof. Simon
84 Sunset Blvd
J4M Q7L London
==========
ODonnel, Dr. Gethin
84 Sunset Blvd
J4M Q7L London

Potential duplicate
===================
Williamson, Dr. Simon
55 Penny Lane
I28 CR3 Glasgow
==========
Williamson, Mr. Simon
55 Broadway
I28 CR3 Glasgow

Potential duplicate
===================
Chalmers, Prof. Joe
15 Sunset Blvd
KON GQH Edinburgh
==========
Chalmers, Prof. Matthew
15 Abbey Road
KON GQH Edinburgh

Potential duplicate
===================
Chalmers, Prof. Gethin
53 Sunset Blvd
EO3 TS4 Glasgow
==========
Chalmers, Mr. Joseph
53 Abbey Road
EO3 TS4 Glasgow

Potential duplicate
===================
Norman, Dr. John
69 Sunset Blvd
OJT C8I Inverness
==========
Norman, Prof. Jonathan
69 Penny Lane
OJT C8I Inverness

Potential duplicate
===================
Gay, Sir Chris
33 Sunset Blvd
J4M Q7L Stirling
==========
Gay, Sir Tim
33 Broadway
J4M Q7L Stirling

Potential duplicate
===================
Williamson, Prof. Chris
50 Abbey Road
H0G RE0 Glasgow
==========
Williamson, Mr. Chris
50 Penny Lane
H0G RE0 Glasgow

Potential duplicate
===================
Chalmers, Sir Jonathan
61 Broadway
ACL SE8 Glasgow
==========
Chalmers, Dr. Chris
61 Broadway
ACL SE8 Glasgow

Potential duplicate
===================
Balkind, Prof. Jonathan
88 Penny Lane
I3C ACI Edinburgh
==========
Balkind, Mr. Gethin
88 Broadway
I3C ACI Edinburgh

Potential duplicate
===================
Williamson, Dr. Tim
25 Sunset Blvd
CVT VJS Stirling
==========
Williamson, Mr. Joseph
25 Sunset Blvd
CVT VJS Stirling

Potential duplicate
===================
Norman, Mr. Matthew
74 Sunset Blvd
MTM AAO Inverness
==========
Norman, Prof. Gethin
74 Penny Lane
MTM AAO Inverness

Potential duplicate
===================
Sventek, Dr. Tim
36 Sunset Blvd
AMN R8P Glasgow
==========
Sventek, Prof. Matthew
36 Broadway
AMN R8P Glasgow

Potential duplicate
===================
Johnson, Prof. Joseph
6 Abbey Road
KL4 NQE London
==========
Johnson, Sir Matthew
6 Sunset Blvd
KL4 NQE London

Potential duplicate
===================
Williamson, Prof. Quintin
50 Abbey Road
LB4 OSS Stirling
==========
Williamson, Sir Jonathan
50 Penny Lane
LB4 OSS Stirling

Potential duplicate
===================
Storer, Dr. Chris
47 Penny Lane
GNV 8E4 Stirling
==========
Storer, Mr. Chris
47 Broadway
GNV 8E4 Stirling

Potential duplicate
===================
ODonnel, Sir Jonathan
44 Sunset Blvd
N5O 18A Glasgow
==========
ODonnel, Mr. Gethin
44 Abbey Road
N5O 18A Glasgow

Potential duplicate
===================
Chalmers, Mr. Tim
42 Broadway
BNH 848 Inverness
==========
Chalmers, Sir Gethin
42 Abbey Road
BNH 848 Inverness

